gpgv: Signature made Sat 07 Sep 2019 11:28:27 AM UTC
gpgv:                using RSA key 126C0D24BD8A2942CC7DF8AC7638D0442B90D010
gpgv: Good signature from "Debian Archive Automatic Signing Key (8/jessie) <ftpmaster@debian.org>"
gpgv: Signature made Sat 07 Sep 2019 11:28:27 AM UTC
gpgv:                using RSA key 16E90B3FDF65EDE3AA7F323C04EE7237B7D453EC
gpgv: Good signature from "Debian Archive Automatic Signing Key (9/stretch) <ftpmaster@debian.org>"
gpgv: Signature made Sat 07 Sep 2019 11:56:38 AM UTC
gpgv:                using RSA key 067E3C456BAE240ACEE88F6FEF0F382A1A7B6500
gpgv:                issuer "debian-release@lists.debian.org"
gpgv: Good signature from "Debian Stable Release Key (9/stretch) <debian-release@lists.debian.org>"
dpkg: warning: parsing file '/var/lib/dpkg/status' near line 5 package 'dpkg':
 missing description
dpkg: warning: parsing file '/var/lib/dpkg/status' near line 5 package 'dpkg':
 missing architecture
Selecting previously unselected package base-passwd.
(Reading database ... 0 files and directories currently installed.)
Preparing to unpack .../base-passwd_3.5.43_armel.deb ...
Unpacking base-passwd (3.5.43) ...
dpkg: base-passwd: dependency problems, but configuring anyway as you requested:
 base-passwd depends on libc6 (>= 2.8); however:
  Package libc6 is not installed.
 base-passwd depends on libdebconfclient0 (>= 0.145); however:
  Package libdebconfclient0 is not installed.

Setting up base-passwd (3.5.43) ...
dpkg: warning: parsing file '/var/lib/dpkg/status' near line 24 package 'dpkg':
 missing description
dpkg: warning: parsing file '/var/lib/dpkg/status' near line 24 package 'dpkg':
 missing architecture
Selecting previously unselected package base-files.
dpkg: regarding .../base-files_9.9+deb9u10_armel.deb containing base-files, pre-dependency problem:
 base-files pre-depends on awk
  awk is not installed.

dpkg: warning: ignoring pre-dependency problem!
(Reading database ... 41 files and directories currently installed.)
Preparing to unpack .../base-files_9.9+deb9u10_armel.deb ...
Unpacking base-files (9.9+deb9u10) ...
dpkg: base-files: dependency problems, but configuring anyway as you requested:
 base-files depends on awk; however:
  Package awk is not installed.

Setting up base-files (9.9+deb9u10) ...
dpkg: warning: parsing file '/var/lib/dpkg/status' near line 51 package 'dpkg':
 missing description
dpkg: warning: parsing file '/var/lib/dpkg/status' near line 51 package 'dpkg':
 missing architecture
dpkg: regarding .../dpkg_1.18.25_armel.deb containing dpkg, pre-dependency problem:
 dpkg pre-depends on libbz2-1.0
  libbz2-1.0 is not installed.

dpkg: warning: ignoring pre-dependency problem!
dpkg: regarding .../dpkg_1.18.25_armel.deb containing dpkg, pre-dependency problem:
 dpkg pre-depends on libc6 (>= 2.11)
  libc6 is not installed.

dpkg: warning: ignoring pre-dependency problem!
dpkg: regarding .../dpkg_1.18.25_armel.deb containing dpkg, pre-dependency problem:
 dpkg pre-depends on liblzma5 (>= 5.2.2)
  liblzma5 is not installed.

dpkg: warning: ignoring pre-dependency problem!
dpkg: regarding .../dpkg_1.18.25_armel.deb containing dpkg, pre-dependency problem:
 dpkg pre-depends on libselinux1 (>= 2.3)
  libselinux1 is not installed.

dpkg: warning: ignoring pre-dependency problem!
dpkg: regarding .../dpkg_1.18.25_armel.deb containing dpkg, pre-dependency problem:
 dpkg pre-depends on zlib1g (>= 1:1.1.4)
  zlib1g is not installed.

dpkg: warning: ignoring pre-dependency problem!
(Reading database ... 120 files and directories currently installed.)
Preparing to unpack .../dpkg_1.18.25_armel.deb ...
Unpacking dpkg (1.18.25) over (1.18.25) ...
dpkg: dpkg: dependency problems, but configuring anyway as you requested:
 dpkg depends on libbz2-1.0; however:
  Package libbz2-1.0 is not installed.
 dpkg depends on libc6 (>= 2.11); however:
  Package libc6 is not installed.
 dpkg depends on liblzma5 (>= 5.2.2); however:
  Package liblzma5 is not installed.
 dpkg depends on libselinux1 (>= 2.3); however:
  Package libselinux1 is not installed.
 dpkg depends on zlib1g (>= 1:1.1.4); however:
  Package zlib1g is not installed.
 dpkg depends on tar (>= 1.28-1); however:
  Package tar is not installed.

Setting up dpkg (1.18.25) ...
Selecting previously unselected package libc6:armel.
(Reading database ... 365 files and directories currently installed.)
Preparing to unpack .../libc6_2.24-11+deb9u4_armel.deb ...
Unpacking libc6:armel (2.24-11+deb9u4) ...
dpkg: libc6:armel: dependency problems, but configuring anyway as you requested:
 libc6:armel depends on libgcc1; however:
  Package libgcc1 is not installed.

Setting up libc6:armel (2.24-11+deb9u4) ...
Selecting previously unselected package perl-base.
(Reading database ... 680 files and directories currently installed.)
Preparing to unpack .../perl-base_5.24.1-3+deb9u5_armel.deb ...
Unpacking perl-base (5.24.1-3+deb9u5) ...
Setting up perl-base (5.24.1-3+deb9u5) ...
Selecting previously unselected package mawk.
(Reading database ... 1312 files and directories currently installed.)
Preparing to unpack .../mawk_1.3.3-17+b3_armel.deb ...
Unpacking mawk (1.3.3-17+b3) ...
Setting up mawk (1.3.3-17+b3) ...
Selecting previously unselected package libacl1:armel.
(Reading database ... 1332 files and directories currently installed.)
Preparing to unpack .../libacl1_2.2.52-3+b1_armel.deb ...
Unpacking libacl1:armel (2.2.52-3+b1) ...
Selecting previously unselected package libattr1:armel.
Preparing to unpack .../libattr1_1%3a2.4.47-2+b2_armel.deb ...
Unpacking libattr1:armel (1:2.4.47-2+b2) ...
Selecting previously unselected package libaudit-common.
Preparing to unpack .../libaudit-common_1%3a2.6.7-2_all.deb ...
Unpacking libaudit-common (1:2.6.7-2) ...
Selecting previously unselected package libaudit1:armel.
Preparing to unpack .../libaudit1_1%3a2.6.7-2_armel.deb ...
Unpacking libaudit1:armel (1:2.6.7-2) ...
Preparing to unpack .../base-files_9.9+deb9u10_armel.deb ...
Unpacking base-files (9.9+deb9u10) over (9.9+deb9u10) ...
Preparing to unpack .../base-passwd_3.5.43_armel.deb ...
Unpacking base-passwd (3.5.43) over (3.5.43) ...
Selecting previously unselected package bash.
dpkg: regarding .../archives/bash_4.4-5_armel.deb containing bash, pre-dependency problem:
 bash pre-depends on dash (>= 0.5.5.1-2.2)
  dash is not installed.

dpkg: warning: ignoring pre-dependency problem!
dpkg: regarding .../archives/bash_4.4-5_armel.deb containing bash, pre-dependency problem:
 bash pre-depends on libtinfo5 (>= 6)
  libtinfo5 is not installed.

dpkg: warning: ignoring pre-dependency problem!
Preparing to unpack .../archives/bash_4.4-5_armel.deb ...
Unpacking bash (4.4-5) ...
Selecting previously unselected package libbz2-1.0:armel.
Preparing to unpack .../libbz2-1.0_1.0.6-8.1_armel.deb ...
Unpacking libbz2-1.0:armel (1.0.6-8.1) ...
Selecting previously unselected package libdebconfclient0:armel.
Preparing to unpack .../libdebconfclient0_0.227_armel.deb ...
Unpacking libdebconfclient0:armel (0.227) ...
Selecting previously unselected package coreutils.
dpkg: regarding .../coreutils_8.26-3_armel.deb containing coreutils, pre-dependency problem:
 coreutils pre-depends on libacl1 (>= 2.2.51-8)
  libacl1:armel is unpacked, but has never been configured.

dpkg: warning: ignoring pre-dependency problem!
dpkg: regarding .../coreutils_8.26-3_armel.deb containing coreutils, pre-dependency problem:
 coreutils pre-depends on libattr1 (>= 1:2.4.46-8)
  libattr1:armel is unpacked, but has never been configured.

dpkg: warning: ignoring pre-dependency problem!
dpkg: regarding .../coreutils_8.26-3_armel.deb containing coreutils, pre-dependency problem:
 coreutils pre-depends on libselinux1 (>= 2.1.13)
  libselinux1 is not installed.

dpkg: warning: ignoring pre-dependency problem!
Preparing to unpack .../coreutils_8.26-3_armel.deb ...
Unpacking coreutils (8.26-3) ...
Selecting previously unselected package dash.
Preparing to unpack .../dash_0.5.8-2.4_armel.deb ...
/bin/bash: warning: setlocale: LC_ALL: cannot change locale (en_US.UTF-8)
Adding 'diversion of /bin/sh to /bin/sh.distrib by dash'
Adding 'diversion of /usr/share/man/man1/sh.1.gz to /usr/share/man/man1/sh.distrib.1.gz by dash'
Unpacking dash (0.5.8-2.4) ...
Selecting previously unselected package libdb5.3:armel.
Preparing to unpack .../libdb5.3_5.3.28-12+deb9u1_armel.deb ...
Unpacking libdb5.3:armel (5.3.28-12+deb9u1) ...
Selecting previously unselected package debconf.
Preparing to unpack .../debconf_1.5.61_all.deb ...
Unpacking debconf (1.5.61) ...
Selecting previously unselected package debianutils.
Preparing to unpack .../debianutils_4.8.1.1_armel.deb ...
Unpacking debianutils (4.8.1.1) ...
Selecting previously unselected package diffutils.
Preparing to unpack .../diffutils_1%3a3.5-3_armel.deb ...
Unpacking diffutils (1:3.5-3) ...
dpkg: regarding .../dpkg_1.18.25_armel.deb containing dpkg, pre-dependency problem:
 dpkg pre-depends on libbz2-1.0
  libbz2-1.0:armel is unpacked, but has never been configured.

dpkg: warning: ignoring pre-dependency problem!
dpkg: regarding .../dpkg_1.18.25_armel.deb containing dpkg, pre-dependency problem:
 dpkg pre-depends on liblzma5 (>= 5.2.2)
  liblzma5 is not installed.

dpkg: warning: ignoring pre-dependency problem!
dpkg: regarding .../dpkg_1.18.25_armel.deb containing dpkg, pre-dependency problem:
 dpkg pre-depends on libselinux1 (>= 2.3)
  libselinux1 is not installed.

dpkg: warning: ignoring pre-dependency problem!
dpkg: regarding .../dpkg_1.18.25_armel.deb containing dpkg, pre-dependency problem:
 dpkg pre-depends on zlib1g (>= 1:1.1.4)
  zlib1g is not installed.

dpkg: warning: ignoring pre-dependency problem!
Preparing to unpack .../dpkg_1.18.25_armel.deb ...
Unpacking dpkg (1.18.25) over (1.18.25) ...
Selecting previously unselected package e2fslibs:armel.
Preparing to unpack .../e2fslibs_1.43.4-2_armel.deb ...
Unpacking e2fslibs:armel (1.43.4-2) ...
Selecting previously unselected package e2fsprogs.
dpkg: regarding .../e2fsprogs_1.43.4-2_armel.deb containing e2fsprogs, pre-dependency problem:
 e2fsprogs pre-depends on e2fslibs (= 1.43.4-2)
  e2fslibs:armel is unpacked, but has never been configured.

dpkg: warning: ignoring pre-dependency problem!
dpkg: regarding .../e2fsprogs_1.43.4-2_armel.deb containing e2fsprogs, pre-dependency problem:
 e2fsprogs pre-depends on libblkid1 (>= 2.17.2)
  libblkid1 is not installed.

dpkg: warning: ignoring pre-dependency problem!
dpkg: regarding .../e2fsprogs_1.43.4-2_armel.deb containing e2fsprogs, pre-dependency problem:
 e2fsprogs pre-depends on libcomerr2 (>= 1.42~WIP-2011-10-05-1)
  libcomerr2 is not installed.

dpkg: warning: ignoring pre-dependency problem!
dpkg: regarding .../e2fsprogs_1.43.4-2_armel.deb containing e2fsprogs, pre-dependency problem:
 e2fsprogs pre-depends on libss2 (>= 1.34-1)
  libss2 is not installed.

dpkg: warning: ignoring pre-dependency problem!
dpkg: regarding .../e2fsprogs_1.43.4-2_armel.deb containing e2fsprogs, pre-dependency problem:
 e2fsprogs pre-depends on libuuid1 (>= 2.16)
  libuuid1 is not installed.

dpkg: warning: ignoring pre-dependency problem!
dpkg: regarding .../e2fsprogs_1.43.4-2_armel.deb containing e2fsprogs, pre-dependency problem:
 e2fsprogs pre-depends on util-linux (>= 2.15~rc1-1)
  util-linux is not installed.

dpkg: warning: ignoring pre-dependency problem!
Preparing to unpack .../e2fsprogs_1.43.4-2_armel.deb ...
Unpacking e2fsprogs (1.43.4-2) ...
Selecting previously unselected package libcomerr2:armel.
Preparing to unpack .../libcomerr2_1.43.4-2_armel.deb ...
Unpacking libcomerr2:armel (1.43.4-2) ...
Selecting previously unselected package libss2:armel.
Preparing to unpack .../libss2_1.43.4-2_armel.deb ...
Unpacking libss2:armel (1.43.4-2) ...
Selecting previously unselected package findutils.
dpkg: regarding .../findutils_4.6.0+git+20161106-2_armel.deb containing findutils, pre-dependency problem:
 findutils pre-depends on libselinux1 (>= 1.32)
  libselinux1 is not installed.

dpkg: warning: ignoring pre-dependency problem!
Preparing to unpack .../findutils_4.6.0+git+20161106-2_armel.deb ...
Unpacking findutils (4.6.0+git+20161106-2) ...
Selecting previously unselected package gcc-6-base:armel.
Preparing to unpack .../gcc-6-base_6.3.0-18+deb9u1_armel.deb ...
Unpacking gcc-6-base:armel (6.3.0-18+deb9u1) ...
Selecting previously unselected package libgcc1:armel.
Preparing to unpack .../libgcc1_1%3a6.3.0-18+deb9u1_armel.deb ...
Unpacking libgcc1:armel (1:6.3.0-18+deb9u1) ...
Selecting previously unselected package libc-bin.
Preparing to unpack .../libc-bin_2.24-11+deb9u4_armel.deb ...
Unpacking libc-bin (2.24-11+deb9u4) ...
Preparing to unpack .../libc6_2.24-11+deb9u4_armel.deb ...
Unpacking libc6:armel (2.24-11+deb9u4) over (2.24-11+deb9u4) ...
Selecting previously unselected package multiarch-support.
Preparing to unpack .../multiarch-support_2.24-11+deb9u4_armel.deb ...
Unpacking multiarch-support (2.24-11+deb9u4) ...
Selecting previously unselected package grep.
dpkg: regarding .../archives/grep_2.27-2_armel.deb containing grep, pre-dependency problem:
 grep pre-depends on libpcre3
  libpcre3 is not installed.

dpkg: warning: ignoring pre-dependency problem!
Preparing to unpack .../archives/grep_2.27-2_armel.deb ...
Unpacking grep (2.27-2) ...
Selecting previously unselected package gzip.
Preparing to unpack .../gzip_1.6-5+b1_armel.deb ...
Unpacking gzip (1.6-5+b1) ...
Selecting previously unselected package hostname.
Preparing to unpack .../hostname_3.18+b1_armel.deb ...
Unpacking hostname (3.18+b1) ...
Selecting previously unselected package init-system-helpers.
Preparing to unpack .../init-system-helpers_1.48_all.deb ...
Unpacking init-system-helpers (1.48) ...
Selecting previously unselected package libcap-ng0:armel.
Preparing to unpack .../libcap-ng0_0.7.7-3+b1_armel.deb ...
Unpacking libcap-ng0:armel (0.7.7-3+b1) ...
Selecting previously unselected package libgcrypt20:armel.
Preparing to unpack .../libgcrypt20_1.7.6-2+deb9u3_armel.deb ...
Unpacking libgcrypt20:armel (1.7.6-2+deb9u3) ...
Selecting previously unselected package libgpg-error0:armel.
Preparing to unpack .../libgpg-error0_1.26-2_armel.deb ...
Unpacking libgpg-error0:armel (1.26-2) ...
Selecting previously unselected package libselinux1:armel.
Preparing to unpack .../libselinux1_2.6-3+b3_armel.deb ...
Unpacking libselinux1:armel (2.6-3+b3) ...
Selecting previously unselected package libsemanage-common.
Preparing to unpack .../libsemanage-common_2.6-2_all.deb ...
Unpacking libsemanage-common (2.6-2) ...
Selecting previously unselected package libsemanage1:armel.
Preparing to unpack .../libsemanage1_2.6-2_armel.deb ...
Unpacking libsemanage1:armel (2.6-2) ...
Selecting previously unselected package libsepol1:armel.
Preparing to unpack .../libsepol1_2.6-2_armel.deb ...
Unpacking libsepol1:armel (2.6-2) ...
Selecting previously unselected package lsb-base.
Preparing to unpack .../lsb-base_9.20161125_all.deb ...
Unpacking lsb-base (9.20161125) ...
Selecting previously unselected package liblz4-1:armel.
Preparing to unpack .../liblz4-1_0.0~r131-2+b1_armel.deb ...
Unpacking liblz4-1:armel (0.0~r131-2+b1) ...
Preparing to unpack .../mawk_1.3.3-17+b3_armel.deb ...
Unpacking mawk (1.3.3-17+b3) over (1.3.3-17+b3) ...
Selecting previously unselected package libncursesw5:armel.
Preparing to unpack .../libncursesw5_6.0+20161126-1+deb9u2_armel.deb ...
Unpacking libncursesw5:armel (6.0+20161126-1+deb9u2) ...
Selecting previously unselected package libtinfo5:armel.
Preparing to unpack .../libtinfo5_6.0+20161126-1+deb9u2_armel.deb ...
Unpacking libtinfo5:armel (6.0+20161126-1+deb9u2) ...
Selecting previously unselected package ncurses-base.
Preparing to unpack .../ncurses-base_6.0+20161126-1+deb9u2_all.deb ...
Unpacking ncurses-base (6.0+20161126-1+deb9u2) ...
Selecting previously unselected package ncurses-bin.
dpkg: regarding .../ncurses-bin_6.0+20161126-1+deb9u2_armel.deb containing ncurses-bin, pre-dependency problem:
 ncurses-bin pre-depends on libtinfo5 (>= 6.0+20151017)
  libtinfo5:armel is unpacked, but has never been configured.

dpkg: warning: ignoring pre-dependency problem!
dpkg: regarding .../ncurses-bin_6.0+20161126-1+deb9u2_armel.deb containing ncurses-bin, pre-dependency problem:
 ncurses-bin pre-depends on libtinfo5 (<< 6.1~)
  libtinfo5:armel is unpacked, but has never been configured.

dpkg: warning: ignoring pre-dependency problem!
Preparing to unpack .../ncurses-bin_6.0+20161126-1+deb9u2_armel.deb ...
Unpacking ncurses-bin (6.0+20161126-1+deb9u2) ...
Selecting previously unselected package libpam-modules:armel.
dpkg: regarding .../libpam-modules_1.1.8-3.6_armel.deb containing libpam-modules:armel, pre-dependency problem:
 libpam-modules pre-depends on libaudit1 (>= 1:2.2.1)
  libaudit1:armel is unpacked, but has never been configured.

dpkg: warning: ignoring pre-dependency problem!
dpkg: regarding .../libpam-modules_1.1.8-3.6_armel.deb containing libpam-modules:armel, pre-dependency problem:
 libpam-modules pre-depends on libdb5.3
  libdb5.3:armel is unpacked, but has never been configured.

dpkg: warning: ignoring pre-dependency problem!
dpkg: regarding .../libpam-modules_1.1.8-3.6_armel.deb containing libpam-modules:armel, pre-dependency problem:
 libpam-modules pre-depends on libpam0g (>= 1.1.3-2)
  libpam0g is not installed.

dpkg: warning: ignoring pre-dependency problem!
dpkg: regarding .../libpam-modules_1.1.8-3.6_armel.deb containing libpam-modules:armel, pre-dependency problem:
 libpam-modules pre-depends on libselinux1 (>= 2.1.9)
  libselinux1:armel is unpacked, but has never been configured.

dpkg: warning: ignoring pre-dependency problem!
dpkg: regarding .../libpam-modules_1.1.8-3.6_armel.deb containing libpam-modules:armel, pre-dependency problem:
 libpam-modules pre-depends on debconf (>= 0.5) | debconf-2.0
  debconf is unpacked, but has never been configured.
  debconf provides debconf-2.0 but is unpacked but not configured.

dpkg: warning: ignoring pre-dependency problem!
dpkg: regarding .../libpam-modules_1.1.8-3.6_armel.deb containing libpam-modules:armel, pre-dependency problem:
 libpam-modules pre-depends on libpam-modules-bin (= 1.1.8-3.6)
  libpam-modules-bin is not installed.

dpkg: warning: ignoring pre-dependency problem!
Preparing to unpack .../libpam-modules_1.1.8-3.6_armel.deb ...
Unpacking libpam-modules:armel (1.1.8-3.6) ...
Selecting previously unselected package libpam-modules-bin.
Preparing to unpack .../libpam-modules-bin_1.1.8-3.6_armel.deb ...
Unpacking libpam-modules-bin (1.1.8-3.6) ...
Selecting previously unselected package libpam-runtime.
Preparing to unpack .../libpam-runtime_1.1.8-3.6_all.deb ...
Unpacking libpam-runtime (1.1.8-3.6) ...
Selecting previously unselected package libpam0g:armel.
Preparing to unpack .../libpam0g_1.1.8-3.6_armel.deb ...
Unpacking libpam0g:armel (1.1.8-3.6) ...
Selecting previously unselected package libpcre3:armel.
dpkg: regarding .../libpcre3_2%3a8.39-3_armel.deb containing libpcre3:armel, pre-dependency problem:
 libpcre3 pre-depends on multiarch-support
  multiarch-support is unpacked, but has never been configured.

dpkg: warning: ignoring pre-dependency problem!
Preparing to unpack .../libpcre3_2%3a8.39-3_armel.deb ...
Unpacking libpcre3:armel (2:8.39-3) ...
Preparing to unpack .../perl-base_5.24.1-3+deb9u5_armel.deb ...
Unpacking perl-base (5.24.1-3+deb9u5) over (5.24.1-3+deb9u5) ...
Selecting previously unselected package sed.
dpkg: regarding .../archives/sed_4.4-1_armel.deb containing sed, pre-dependency problem:
 sed pre-depends on libselinux1 (>= 1.32)
  libselinux1:armel is unpacked, but has never been configured.

dpkg: warning: ignoring pre-dependency problem!
Preparing to unpack .../archives/sed_4.4-1_armel.deb ...
Unpacking sed (4.4-1) ...
Selecting previously unselected package sensible-utils.
Preparing to unpack .../sensible-utils_0.0.9+deb9u1_all.deb ...
Unpacking sensible-utils (0.0.9+deb9u1) ...
Selecting previously unselected package login.
dpkg: regarding .../login_1%3a4.4-4.1_armel.deb containing login, pre-dependency problem:
 login pre-depends on libaudit1 (>= 1:2.2.1)
  libaudit1:armel is unpacked, but has never been configured.

dpkg: warning: ignoring pre-dependency problem!
dpkg: regarding .../login_1%3a4.4-4.1_armel.deb containing login, pre-dependency problem:
 login pre-depends on libpam0g (>= 0.99.7.1)
  libpam0g:armel is unpacked, but has never been configured.

dpkg: warning: ignoring pre-dependency problem!
dpkg: regarding .../login_1%3a4.4-4.1_armel.deb containing login, pre-dependency problem:
 login pre-depends on libpam-runtime
  libpam-runtime is unpacked, but has never been configured.

dpkg: warning: ignoring pre-dependency problem!
dpkg: regarding .../login_1%3a4.4-4.1_armel.deb containing login, pre-dependency problem:
 login pre-depends on libpam-modules (>= 1.1.8-1)
  libpam-modules:armel is unpacked, but has never been configured.

dpkg: warning: ignoring pre-dependency problem!
Preparing to unpack .../login_1%3a4.4-4.1_armel.deb ...
Unpacking login (1:4.4-4.1) ...
Selecting previously unselected package passwd.
Preparing to unpack .../passwd_1%3a4.4-4.1_armel.deb ...
Unpacking passwd (1:4.4-4.1) ...
Selecting previously unselected package libsystemd0:armel.
dpkg: regarding .../libsystemd0_232-25+deb9u12_armel.deb containing libsystemd0:armel, pre-dependency problem:
 libsystemd0 pre-depends on libgcc1 (>= 1:3.5)
  libgcc1:armel is unpacked, but has never been configured.

dpkg: warning: ignoring pre-dependency problem!
dpkg: regarding .../libsystemd0_232-25+deb9u12_armel.deb containing libsystemd0:armel, pre-dependency problem:
 libsystemd0 pre-depends on libgcrypt20 (>= 1.7.0)
  libgcrypt20:armel is unpacked, but has never been configured.

dpkg: warning: ignoring pre-dependency problem!
dpkg: regarding .../libsystemd0_232-25+deb9u12_armel.deb containing libsystemd0:armel, pre-dependency problem:
 libsystemd0 pre-depends on liblz4-1 (>= 0.0~r113)
  liblz4-1:armel is unpacked, but has never been configured.

dpkg: warning: ignoring pre-dependency problem!
dpkg: regarding .../libsystemd0_232-25+deb9u12_armel.deb containing libsystemd0:armel, pre-dependency problem:
 libsystemd0 pre-depends on liblzma5 (>= 5.1.1alpha+20120614)
  liblzma5 is not installed.

dpkg: warning: ignoring pre-dependency problem!
dpkg: regarding .../libsystemd0_232-25+deb9u12_armel.deb containing libsystemd0:armel, pre-dependency problem:
 libsystemd0 pre-depends on libselinux1 (>= 2.1.9)
  libselinux1:armel is unpacked, but has never been configured.

dpkg: warning: ignoring pre-dependency problem!
Preparing to unpack .../libsystemd0_232-25+deb9u12_armel.deb ...
Unpacking libsystemd0:armel (232-25+deb9u12) ...
Selecting previously unselected package libudev1:armel.
Preparing to unpack .../libudev1_232-25+deb9u12_armel.deb ...
Unpacking libudev1:armel (232-25+deb9u12) ...
Selecting previously unselected package sysvinit-utils.
Preparing to unpack .../sysvinit-utils_2.88dsf-59.9_armel.deb ...
Unpacking sysvinit-utils (2.88dsf-59.9) ...
Selecting previously unselected package tar.
dpkg: regarding .../tar_1.29b-1.1_armel.deb containing tar, pre-dependency problem:
 tar pre-depends on libacl1 (>= 2.2.51-8)
  libacl1:armel is unpacked, but has never been configured.

dpkg: warning: ignoring pre-dependency problem!
dpkg: regarding .../tar_1.29b-1.1_armel.deb containing tar, pre-dependency problem:
 tar pre-depends on libselinux1 (>= 1.32)
  libselinux1:armel is unpacked, but has never been configured.

dpkg: warning: ignoring pre-dependency problem!
Preparing to unpack .../tar_1.29b-1.1_armel.deb ...
Unpacking tar (1.29b-1.1) ...
Selecting previously unselected package tzdata.
Preparing to unpack .../tzdata_2019b-0+deb9u1_all.deb ...
Unpacking tzdata (2019b-0+deb9u1) ...
Selecting previously unselected package libustr-1.0-1:armel.
Preparing to unpack .../libustr-1.0-1_1.0.4-6_armel.deb ...
Unpacking libustr-1.0-1:armel (1.0.4-6) ...
Selecting previously unselected package bsdutils.
dpkg: regarding .../bsdutils_1%3a2.29.2-1+deb9u1_armel.deb containing bsdutils, pre-dependency problem:
 bsdutils pre-depends on libsystemd0
  libsystemd0:armel is unpacked, but has never been configured.

dpkg: warning: ignoring pre-dependency problem!
Preparing to unpack .../bsdutils_1%3a2.29.2-1+deb9u1_armel.deb ...
Unpacking bsdutils (1:2.29.2-1+deb9u1) ...
Selecting previously unselected package libblkid1:armel.
Preparing to unpack .../libblkid1_2.29.2-1+deb9u1_armel.deb ...
Unpacking libblkid1:armel (2.29.2-1+deb9u1) ...
Selecting previously unselected package libfdisk1:armel.
Preparing to unpack .../libfdisk1_2.29.2-1+deb9u1_armel.deb ...
Unpacking libfdisk1:armel (2.29.2-1+deb9u1) ...
Selecting previously unselected package libmount1:armel.
Preparing to unpack .../libmount1_2.29.2-1+deb9u1_armel.deb ...
Unpacking libmount1:armel (2.29.2-1+deb9u1) ...
Selecting previously unselected package libsmartcols1:armel.
Preparing to unpack .../libsmartcols1_2.29.2-1+deb9u1_armel.deb ...
Unpacking libsmartcols1:armel (2.29.2-1+deb9u1) ...
Selecting previously unselected package libuuid1:armel.
Preparing to unpack .../libuuid1_2.29.2-1+deb9u1_armel.deb ...
Unpacking libuuid1:armel (2.29.2-1+deb9u1) ...
Selecting previously unselected package mount.
dpkg: regarding .../mount_2.29.2-1+deb9u1_armel.deb containing mount, pre-dependency problem:
 mount pre-depends on libblkid1 (>= 2.17.2)
  libblkid1:armel is unpacked, but has never been configured.

dpkg: warning: ignoring pre-dependency problem!
dpkg: regarding .../mount_2.29.2-1+deb9u1_armel.deb containing mount, pre-dependency problem:
 mount pre-depends on libmount1 (>= 2.25)
  libmount1:armel is unpacked, but has never been configured.

dpkg: warning: ignoring pre-dependency problem!
dpkg: regarding .../mount_2.29.2-1+deb9u1_armel.deb containing mount, pre-dependency problem:
 mount pre-depends on libselinux1 (>= 2.6-3~)
  libselinux1:armel is unpacked, but has never been configured.

dpkg: warning: ignoring pre-dependency problem!
dpkg: regarding .../mount_2.29.2-1+deb9u1_armel.deb containing mount, pre-dependency problem:
 mount pre-depends on libsmartcols1 (>= 2.28~rc1)
  libsmartcols1:armel is unpacked, but has never been configured.

dpkg: warning: ignoring pre-dependency problem!
dpkg: regarding .../mount_2.29.2-1+deb9u1_armel.deb containing mount, pre-dependency problem:
 mount pre-depends on libudev1 (>= 183)
  libudev1:armel is unpacked, but has never been configured.

dpkg: warning: ignoring pre-dependency problem!
Preparing to unpack .../mount_2.29.2-1+deb9u1_armel.deb ...
Unpacking mount (2.29.2-1+deb9u1) ...
Selecting previously unselected package util-linux.
dpkg: regarding .../util-linux_2.29.2-1+deb9u1_armel.deb containing util-linux, pre-dependency problem:
 util-linux pre-depends on libblkid1 (>= 2.25)
  libblkid1:armel is unpacked, but has never been configured.

dpkg: warning: ignoring pre-dependency problem!
dpkg: regarding .../util-linux_2.29.2-1+deb9u1_armel.deb containing util-linux, pre-dependency problem:
 util-linux pre-depends on libfdisk1 (>= 2.29~rc2)
  libfdisk1:armel is unpacked, but has never been configured.

dpkg: warning: ignoring pre-dependency problem!
dpkg: regarding .../util-linux_2.29.2-1+deb9u1_armel.deb containing util-linux, pre-dependency problem:
 util-linux pre-depends on libmount1 (>= 2.25)
  libmount1:armel is unpacked, but has never been configured.

dpkg: warning: ignoring pre-dependency problem!
dpkg: regarding .../util-linux_2.29.2-1+deb9u1_armel.deb containing util-linux, pre-dependency problem:
 util-linux pre-depends on libncursesw5 (>= 6)
  libncursesw5:armel is unpacked, but has never been configured.

dpkg: warning: ignoring pre-dependency problem!
dpkg: regarding .../util-linux_2.29.2-1+deb9u1_armel.deb containing util-linux, pre-dependency problem:
 util-linux pre-depends on libpam0g (>= 0.99.7.1)
  libpam0g:armel is unpacked, but has never been configured.

dpkg: warning: ignoring pre-dependency problem!
dpkg: regarding .../util-linux_2.29.2-1+deb9u1_armel.deb containing util-linux, pre-dependency problem:
 util-linux pre-depends on libselinux1 (>= 2.6-3~)
  libselinux1:armel is unpacked, but has never been configured.

dpkg: warning: ignoring pre-dependency problem!
dpkg: regarding .../util-linux_2.29.2-1+deb9u1_armel.deb containing util-linux, pre-dependency problem:
 util-linux pre-depends on libsmartcols1 (>= 2.28~rc1)
  libsmartcols1:armel is unpacked, but has never been configured.

dpkg: warning: ignoring pre-dependency problem!
dpkg: regarding .../util-linux_2.29.2-1+deb9u1_armel.deb containing util-linux, pre-dependency problem:
 util-linux pre-depends on libsystemd0
  libsystemd0:armel is unpacked, but has never been configured.

dpkg: warning: ignoring pre-dependency problem!
dpkg: regarding .../util-linux_2.29.2-1+deb9u1_armel.deb containing util-linux, pre-dependency problem:
 util-linux pre-depends on libtinfo5 (>= 6)
  libtinfo5:armel is unpacked, but has never been configured.

dpkg: warning: ignoring pre-dependency problem!
dpkg: regarding .../util-linux_2.29.2-1+deb9u1_armel.deb containing util-linux, pre-dependency problem:
 util-linux pre-depends on libudev1 (>= 183)
  libudev1:armel is unpacked, but has never been configured.

dpkg: warning: ignoring pre-dependency problem!
dpkg: regarding .../util-linux_2.29.2-1+deb9u1_armel.deb containing util-linux, pre-dependency problem:
 util-linux pre-depends on libuuid1 (>= 2.16)
  libuuid1:armel is unpacked, but has never been configured.

dpkg: warning: ignoring pre-dependency problem!
dpkg: regarding .../util-linux_2.29.2-1+deb9u1_armel.deb containing util-linux, pre-dependency problem:
 util-linux pre-depends on zlib1g (>= 1:1.1.4)
  zlib1g is not installed.

dpkg: warning: ignoring pre-dependency problem!
Preparing to unpack .../util-linux_2.29.2-1+deb9u1_armel.deb ...
Unpacking util-linux (2.29.2-1+deb9u1) ...
Selecting previously unselected package liblzma5:armel.
Preparing to unpack .../liblzma5_5.2.2-1.2+b1_armel.deb ...
Unpacking liblzma5:armel (5.2.2-1.2+b1) ...
Selecting previously unselected package zlib1g:armel.
Preparing to unpack .../zlib1g_1%3a1.2.8.dfsg-5_armel.deb ...
Unpacking zlib1g:armel (1:1.2.8.dfsg-5) ...
Setting up gcc-6-base:armel (6.3.0-18+deb9u1) ...
Setting up lsb-base (9.20161125) ...
Setting up sensible-utils (0.0.9+deb9u1) ...
Setting up ncurses-base (6.0+20161126-1+deb9u2) ...
Setting up libsemanage-common (2.6-2) ...
Setting up libaudit-common (1:2.6.7-2) ...
Setting up libc6:armel (2.24-11+deb9u4) ...
Setting up libbz2-1.0:armel (1.0.6-8.1) ...
Setting up libgpg-error0:armel (1.26-2) ...
Setting up libc-bin (2.24-11+deb9u4) ...
Setting up libdebconfclient0:armel (0.227) ...
Setting up diffutils (1:3.5-3) ...
Setting up libcomerr2:armel (1.43.4-2) ...
Setting up libcap-ng0:armel (0.7.7-3+b1) ...
Setting up libsepol1:armel (2.6-2) ...
Setting up libgcc1:armel (1:6.3.0-18+deb9u1) ...
Setting up libustr-1.0-1:armel (1.0.4-6) ...
Setting up libsmartcols1:armel (2.29.2-1+deb9u1) ...
Setting up libaudit1:armel (1:2.6.7-2) ...
Setting up libtinfo5:armel (6.0+20161126-1+deb9u2) ...
Setting up libudev1:armel (232-25+deb9u12) ...
Setting up libattr1:armel (1:2.4.47-2+b2) ...
Setting up libss2:armel (1.43.4-2) ...
Setting up liblzma5:armel (5.2.2-1.2+b1) ...
Setting up base-passwd (3.5.43) ...
Setting up e2fslibs:armel (1.43.4-2) ...
Setting up liblz4-1:armel (0.0~r131-2+b1) ...
Setting up debianutils (4.8.1.1) ...
Setting up libgcrypt20:armel (1.7.6-2+deb9u3) ...
Setting up libncursesw5:armel (6.0+20161126-1+deb9u2) ...
Setting up libdb5.3:armel (5.3.28-12+deb9u1) ...
Setting up zlib1g:armel (1:1.2.8.dfsg-5) ...
Setting up hostname (3.18+b1) ...
Setting up multiarch-support (2.24-11+deb9u4) ...
Setting up mawk (1.3.3-17+b3) ...
Setting up libpcre3:armel (2:8.39-3) ...
Setting up base-files (9.9+deb9u10) ...
Setting up libselinux1:armel (2.6-3+b3) ...
Setting up findutils (4.6.0+git+20161106-2) ...
Setting up libacl1:armel (2.2.52-3+b1) ...
Setting up ncurses-bin (6.0+20161126-1+deb9u2) ...
Setting up sed (4.4-1) ...
Setting up libsystemd0:armel (232-25+deb9u12) ...
Setting up coreutils (8.26-3) ...
Setting up tar (1.29b-1.1) ...
update-alternatives: using /usr/sbin/rmt-tar to provide /usr/sbin/rmt (rmt) in auto mode
Setting up libsemanage1:armel (2.6-2) ...
Setting up dpkg (1.18.25) ...
Setting up perl-base (5.24.1-3+deb9u5) ...
Setting up grep (2.27-2) ...
Setting up debconf (1.5.61) ...
Setting up tzdata (2019b-0+deb9u1) ...

Current default time zone: 'Etc/UTC'
Local time is now:      Sun Sep  8 15:04:50 UTC 2019.
Universal Time is now:  Sun Sep  8 15:04:50 UTC 2019.
Run 'dpkg-reconfigure tzdata' if you wish to change it.

Setting up gzip (1.6-5+b1) ...
Setting up bsdutils (1:2.29.2-1+deb9u1) ...
Setting up dash (0.5.8-2.4) ...
Setting up init-system-helpers (1.48) ...
Setting up libpam0g:armel (1.1.8-3.6) ...
Setting up libpam-modules-bin (1.1.8-3.6) ...
Setting up bash (4.4-5) ...
/bin/bash: warning: setlocale: LC_ALL: cannot change locale (en_US.UTF-8)
update-alternatives: using /usr/share/man/man7/bash-builtins.7.gz to provide /usr/share/man/man7/builtins.7.gz (builtins.7.gz) in auto mode
Setting up libpam-modules:armel (1.1.8-3.6) ...
Setting up libpam-runtime (1.1.8-3.6) ...
Setting up passwd (1:4.4-4.1) ...
Shadow passwords are now on.
Setting up login (1:4.4-4.1) ...
Setting up libuuid1:armel (2.29.2-1+deb9u1) ...
Setting up libblkid1:armel (2.29.2-1+deb9u1) ...
Setting up libmount1:armel (2.29.2-1+deb9u1) ...
Setting up mount (2.29.2-1+deb9u1) ...
Setting up libfdisk1:armel (2.29.2-1+deb9u1) ...
Setting up util-linux (2.29.2-1+deb9u1) ...
update-alternatives: using /bin/more to provide /usr/bin/pager (pager) in auto mode
Setting up e2fsprogs (1.43.4-2) ...
Setting up sysvinit-utils (2.88dsf-59.9) ...
Processing triggers for libc-bin (2.24-11+deb9u4) ...
perl: warning: Setting locale failed.
perl: warning: Please check that your locale settings:
	LANGUAGE = "en_US.UTF-8",
	LC_ALL = "en_US.UTF-8",
	LC_CTYPE = "en_US.UTF-8",
	LANG = "C"
    are supported and installed on your system.
perl: warning: Falling back to the standard locale ("C").
(Reading database ... 5905 files and directories currently installed.)
Preparing to unpack .../archives/adduser_3.115_all.deb ...
Unpacking adduser (3.115) ...
Preparing to unpack .../archives/apt_1.4.9_armel.deb ...
Unpacking apt (1.4.9) ...
Preparing to unpack .../libapt-pkg5.0_1.4.9_armel.deb ...
Unpacking libapt-pkg5.0:armel (1.4.9) ...
Preparing to unpack .../ascii_3.15-1_armel.deb ...
Unpacking ascii (3.15-1) ...
Preparing to unpack .../debian-archive-keyring_2017.5+deb9u1_all.deb ...
Unpacking debian-archive-keyring (2017.5+deb9u1) ...
Preparing to unpack .../libstdc++6_6.3.0-18+deb9u1_armel.deb ...
Unpacking libstdc++6:armel (6.3.0-18+deb9u1) ...
Preparing to unpack .../gpgv_2.1.18-8~deb9u4_armel.deb ...
Unpacking gpgv (2.1.18-8~deb9u4) ...
Processing triggers for libc-bin (2.24-11+deb9u4) ...
Setting up gpgv (2.1.18-8~deb9u4) ...
Setting up ascii (3.15-1) ...
Setting up debian-archive-keyring (2017.5+deb9u1) ...
Setting up libstdc++6:armel (6.3.0-18+deb9u1) ...
Setting up adduser (3.115) ...
Setting up libapt-pkg5.0:armel (1.4.9) ...
Setting up apt (1.4.9) ...
Processing triggers for libc-bin (2.24-11+deb9u4) ...
